#######################################################################################
# log primitive debug message of FSDB dumping                                         #
# This is for R&D to analyze when there are issues happening when FSDB dump           #
#######################################################################################
ANF: vcsd_get_serial_mode_status('./simv: undefined symbol: vcsd_get_serial_mode_status')
ANF: vcsd_enable_sva_success_callback('./simv: undefined symbol: vcsd_enable_sva_success_callback')
ANF: vcsd_disable_sva_success_callback('./simv: undefined symbol: vcsd_disable_sva_success_callback')
ANF: vcsd_get_power_scope_name('./simv: undefined symbol: vcsd_get_power_scope_name')
ANF: vcsd_begin_no_value_var_info('./simv: undefined symbol: vcsd_begin_no_value_var_info')
ANF: vcsd_end_no_value_var_info('./simv: undefined symbol: vcsd_end_no_value_var_info')
ANF: vcsd_remove_xprop_merge_mode_callback('./simv: undefined symbol: vcsd_remove_xprop_merge_mode_callback')
ANF: vhpi_get_cb_info('./simv: undefined symbol: vhpi_get_cb_info')
ANF: vhpi_free_handle('./simv: undefined symbol: vhpi_free_handle')
ANF: vhpi_fetch_vcsd_handle('./simv: undefined symbol: vhpi_fetch_vcsd_handle')
ANF: vhpi_fetch_vpi_handle('./simv: undefined symbol: vhpi_fetch_vpi_handle')
ANF: vhpi_has_verilog_parent('./simv: undefined symbol: vhpi_has_verilog_parent')
ANF: vhpi_is_verilog_scope('./simv: undefined symbol: vhpi_is_verilog_scope')
ANF: scsd_xprop_is_enabled('./simv: undefined symbol: scsd_xprop_is_enabled')
ANF: scsd_xprop_sig_is_promoted('./simv: undefined symbol: scsd_xprop_sig_is_promoted')
ANF: scsd_xprop_int_xvalue('./simv: undefined symbol: scsd_xprop_int_xvalue')
ANF: scsd_xprop_bool_xvalue('./simv: undefined symbol: scsd_xprop_bool_xvalue')
ANF: scsd_xprop_enum_xvalue('./simv: undefined symbol: scsd_xprop_enum_xvalue')
ANF: scsd_xprop_register_merge_mode_cb('./simv: undefined symbol: scsd_xprop_register_merge_mode_cb')
ANF: scsd_xprop_delete_merge_mode_cb('./simv: undefined symbol: scsd_xprop_delete_merge_mode_cb')
ANF: scsd_xprop_get_merge_mode('./simv: undefined symbol: scsd_xprop_get_merge_mode')
ANF: scsd_thread_get_info('./simv: undefined symbol: scsd_thread_get_info')
ANF: scsd_thread_vc_init('./simv: undefined symbol: scsd_thread_vc_init')
ANF: scsd_master_set_delta_sync_cbk('./simv: undefined symbol: scsd_master_set_delta_sync_cbk')
ANF: scsd_fgp_get_fsdb_cores('./simv: undefined symbol: scsd_fgp_get_fsdb_cores')
ANF: vhdi_dt_get_type('./simv: undefined symbol: vhdi_dt_get_type')
ANF: vhdi_dt_get_key('./simv: undefined symbol: vhdi_dt_get_key')
ANF: vhdi_dt_get_vhdl_enum_info('./simv: undefined symbol: vhdi_dt_get_vhdl_enum_info')
ANF: vhdi_dt_get_vhdl_physical_info('./simv: undefined symbol: vhdi_dt_get_vhdl_physical_info')
ANF: vhdi_dt_get_vhdl_array_info('./simv: undefined symbol: vhdi_dt_get_vhdl_array_info')
ANF: vhdi_dt_get_vhdl_record_info('./simv: undefined symbol: vhdi_dt_get_vhdl_record_info')
ANF: vhdi_def_traverse_module('./simv: undefined symbol: vhdi_def_traverse_module')
ANF: vhdi_def_traverse_scope('./simv: undefined symbol: vhdi_def_traverse_scope')
ANF: vhdi_def_traverse_variable('./simv: undefined symbol: vhdi_def_traverse_variable')
ANF: vhdi_def_get_module_id_by_vhpi('./simv: undefined symbol: vhdi_def_get_module_id_by_vhpi')
ANF: vhdi_def_get_handle_by_module_id('./simv: undefined symbol: vhdi_def_get_handle_by_module_id')
ANF: vhdi_def_get_variable_info_by_vhpi('./simv: undefined symbol: vhdi_def_get_variable_info_by_vhpi')
ANF: vhdi_def_free('./simv: undefined symbol: vhdi_def_free')
ANF: vhdi_ist_traverse_scope('./simv: undefined symbol: vhdi_ist_traverse_scope')
ANF: vhdi_ist_traverse_variable('./simv: undefined symbol: vhdi_ist_traverse_variable')
ANF: vhdi_ist_convert_by_vhpi('./simv: undefined symbol: vhdi_ist_convert_by_vhpi')
ANF: vhdi_ist_clone('./simv: undefined symbol: vhdi_ist_clone')
ANF: vhdi_ist_free('./simv: undefined symbol: vhdi_ist_free')
ANF: vhdi_ist_hash_key('./simv: undefined symbol: vhdi_ist_hash_key')
ANF: vhdi_ist_compare('./simv: undefined symbol: vhdi_ist_compare')
ANF: vhdi_ist_get_value_addr('./simv: undefined symbol: vhdi_ist_get_value_addr')
ANF: vhdi_set_scsd_callback('./simv: undefined symbol: vhdi_set_scsd_callback')
ANF: vhdi_cbk_set_force_callback('./simv: undefined symbol: vhdi_cbk_set_force_callback')
ANF: vhdi_trigger_init_force('./simv: undefined symbol: vhdi_trigger_init_force')
ANF: vhdi_ist_check_scsd_callback('./simv: undefined symbol: vhdi_ist_check_scsd_callback')
ANF: vhdi_ist_add_scsd_callback('./simv: undefined symbol: vhdi_ist_add_scsd_callback')
ANF: vhdi_ist_remove_scsd_callback('./simv: undefined symbol: vhdi_ist_remove_scsd_callback')
ANF: vhdi_ist_get_scsd_user_data('./simv: undefined symbol: vhdi_ist_get_scsd_user_data')
ANF: vhdi_add_time_change_callback('./simv: undefined symbol: vhdi_add_time_change_callback')
ANF: vhdi_get_real_value_by_value_addr('./simv: undefined symbol: vhdi_get_real_value_by_value_addr')
ANF: vhdi_get_64_value_by_value_addr('./simv: undefined symbol: vhdi_get_64_value_by_value_addr')
ANF: vhdi_xprop_inst_is_promoted('./simv: undefined symbol: vhdi_xprop_inst_is_promoted')
ANF: vdi_ist_convert_by_vhdi('./simv: undefined symbol: vdi_ist_convert_by_vhdi')
ANF: vhdi_ist_get_module_id('./simv: undefined symbol: vhdi_ist_get_module_id')
ANF: vhdi_refine_foreign_scope_type('./simv: undefined symbol: vhdi_refine_foreign_scope_type')
ANF: vhdi_flush_callback('./simv: undefined symbol: vhdi_flush_callback')
ANF: vhdi_set_orig_name('./simv: undefined symbol: vhdi_set_orig_name')
ANF: vhdi_set_dump_pt('./simv: undefined symbol: vhdi_set_dump_pt')
ANF: vhdi_get_fsdb_option('./simv: undefined symbol: vhdi_get_fsdb_option')
ANF: vhdi_fgp_get_mode('./simv: undefined symbol: vhdi_fgp_get_mode')
ANF: vhdi_node_register_composite_var('./simv: undefined symbol: vhdi_node_register_composite_var')
ANF: vhdi_node_analysis('./simv: undefined symbol: vhdi_node_analysis')
ANF: vhdi_node_id('./simv: undefined symbol: vhdi_node_id')
ANF: vhdi_node_ist_check_scsd_callback('./simv: undefined symbol: vhdi_node_ist_check_scsd_callback')
ANF: vhdi_node_ist_add_scsd_callback('./simv: undefined symbol: vhdi_node_ist_add_scsd_callback')
ANF: vhdi_node_ist_get_value_addr('./simv: undefined symbol: vhdi_node_ist_get_value_addr')
ANF: vhdi_enc_def_traverse_module('./simv: undefined symbol: vhdi_enc_def_traverse_module')
ANF: vhdi_enc_def_traverse_scope('./simv: undefined symbol: vhdi_enc_def_traverse_scope')
ANF: vhdi_enc_def_traverse_variable('./simv: undefined symbol: vhdi_enc_def_traverse_variable')
ANF: vhdi_enc_ist_traverse_scope('./simv: undefined symbol: vhdi_enc_ist_traverse_scope')
ANF: vhdi_enc_ist_traverse_variable('./simv: undefined symbol: vhdi_enc_ist_traverse_variable')
ANF: vhdi_enc_ist_get_module_id('./simv: undefined symbol: vhdi_enc_ist_get_module_id')
ANF: vhdi_enc_def_get_handle_by_module_id('./simv: undefined symbol: vhdi_enc_def_get_handle_by_module_id')
VCS compile option:
 option[0]: ./simv
 option[1]: +fsdb+sva_success
 option[2]: -cm
 option[3]: line+cond+tgl+fsm+assert+branch
 option[4]: -l
 option[5]: run.log
 option[6]: /Business/EDA_wx_company/public/tools/vcs_R-2020.12-SP2/linux64/bin/vcs1
 option[7]: -Mcc=gcc
 option[8]: -Mcplusplus=g++
 option[9]: -Masflags=
 option[10]: -Mcfl= -pipe -fPIC -O -I/Business/EDA_wx_company/public/tools/vcs_R-2020.12-SP2/include 
 option[11]: -Mxllcflags=
 option[12]: -Mxcflags= -pipe -fPIC -I/Business/EDA_wx_company/public/tools/vcs_R-2020.12-SP2/include
 option[13]: -Mldflags= -rdynamic 
 option[14]: -Mout=simv
 option[15]: -Mamsrun=
 option[16]: -Mvcsaceobjs=
 option[17]: -Mobjects= /Business/EDA_wx_company/public/tools/vcs_R-2020.12-SP2/linux64/lib/libvirsim.so /Business/EDA_wx_company/public/tools/vcs_R-2020.12-SP2/linux64/lib/liberrorinf.so /Business/EDA_wx_company/public/tools/vcs_R-2020.12-SP2/linux64/lib/libsnpsmalloc.so /Business/EDA_wx_company/public/tools/vcs_R-2020.12-SP2/linux64/lib/libvfs.so 
 option[18]: -Mexternalobj=
 option[19]: -Msaverestoreobj=/Business/EDA_wx_company/public/tools/vcs_R-2020.12-SP2/linux64/lib/vcs_save_restore_new.o
 option[20]: -Mcrt0=
 option[21]: -Mcrtn=
 option[22]: -Mcsrc=
 option[23]: -Msyslibs=/Business/EDA_wx_company/public/tools/verdi_R-2020.12-SP2/share/PLI/VCS/LINUX64/pli.a -ldl 
 option[24]: -l
 option[25]: compile.log
 option[26]: -full64
 option[27]: +v2k
 option[28]: -debug_access+all
 option[29]: +vpi
 option[30]: +vcsd1
 option[31]: +itf+/Business/EDA_wx_company/public/tools/vcs_R-2020.12-SP2/linux64/lib/vcsdp_lite.tab
 option[32]: -timescale=1ns/1ns
 option[33]: -debug_access+all+bc
 option[34]: -debug_region+cell
 option[35]: -cm
 option[36]: line+cond+tgl+fsm+assert+branch
 option[37]: -cm_dir
 option[38]: coverage/cov.vdb
 option[39]: -picarchive
 option[40]: -P
 option[41]: /Business/EDA_wx_company/public/tools/verdi_R-2020.12-SP2/share/PLI/VCS/LINUX64/verdi.tab
 option[42]: -fsdb
 option[43]: -sverilog
 option[44]: -sverilog
 option[45]: -gen_obj
 option[46]: -f
 option[47]: filelist.f
 option[48]: -load
 option[49]: /Business/EDA_wx_company/public/tools/verdi_R-2020.12-SP2/share/PLI/VCS/LINUX64/libnovas.so:FSDBDumpCmd
 option[50]: timescale=1ns/1ns
Chronologic Simulation VCS Release R-2020.12-SP2_Full64
Linux 3.10.0-1160.el7.x86_64 #1 SMP Mon Oct 19 16:18:59 UTC 2020 x86_64
CPU cores: 144
Limit information:
======================================
cputime		unlimited
filesize		unlimited
datasize		unlimited
stacksize		8192 kbytes
coredumpsize		0 kbytes
memoryuse		unlimited
vmemoryuse		unlimited
descriptors		65535
memorylocked		64 kbytes
maxproc		4096
======================================
(Special)Runtime environment variables:

Runtime environment variables:
EDA=/Business/EDA_wx_company/public/tools
VNCDESKTOP=yznode-big-07:31 (xingchangwen)
MANPATH=/opt/rh/devtoolset-8/root/usr/share/man:
XDG_SESSION_ID=94796
SSH_AGENT_PID=38908
DBUS_STARTER_ADDRESS=unix:abstract=/tmp/dbus-cn4Job7dce,guid=35e4902d6a0e73778d2d2bfa6686143b
HOSTNAME=yznode-big-07
SELINUX_ROLE_REQUESTED=
IMSETTINGS_INTEGRATE_DESKTOP=yes
PULP_RISCV_GCC_TOOLCHAIN=/Business/EDA_wx_company/public/pulp-riscv-gnu-toolchain/bin/
NOVAS_HOME=/Business/EDA_wx_company/public/tools/verdi_R-2020.12-SP2
TERM=xterm-256color
XDG_MENU_PREFIX=gnome-
VTE_VERSION=5204
SHELL=/bin/bash
HISTSIZE=1000
MAKEFLAGS=
SSH_CLIENT=10.10.4.8 41354 22
PERL5LIB=/opt/rh/devtoolset-8/root//usr/lib64/perl5/vendor_perl:/opt/rh/devtoolset-8/root/usr/lib/perl5:/opt/rh/devtoolset-8/root//usr/share/perl5/vendor_perl
GNOME_TERMINAL_SCREEN=/org/gnome/Terminal/screen/d6cac134_5d8c_4a83_bba8_dd1a0ed3b455
SELINUX_USE_CURRENT_RANGE=
QTDIR=/usr/lib64/qt-3.3
OLDPWD=/Business/EDA_wx_company/xingchangwen/RISC-V/7_19_cheat_version/RISCV_project/RISCV_verification_cheat_version
QTINC=/usr/lib64/qt-3.3/include
VCSHOME=/Business/EDA_wx_company/public/tools/vcs_R-2020.12-SP2
SSH_TTY=/dev/pts/33
IMSETTINGS_MODULE=none
QT_GRAPHICSSYSTEM_CHECKED=1
USER=xingchangwen
PCP_DIR=/opt/rh/devtoolset-8/root
LD_LIBRARY_PATH=/opt/rh/devtoolset-8/root/usr/lib64:/opt/rh/devtoolset-8/root/usr/lib:/opt/rh/devtoolset-8/root/usr/lib64/dyninst:/opt/rh/devtoolset-8/root/usr/lib/dyninst:/opt/rh/devtoolset-8/root/usr/lib64:/opt/rh/devtoolset-8/root/usr/lib:/Business/EDA_wx_company/public/tools/verdi_R-2020.12-SP2/share/PLI/VCS/LINUX64
LS_COLORS=rs=0:di=38;5;27:ln=38;5;51:mh=44;38;5;15:pi=40;38;5;11:so=38;5;13:do=38;5;5:bd=48;5;232;38;5;11:cd=48;5;232;38;5;3:or=48;5;232;38;5;9:mi=05;48;5;232;38;5;15:su=48;5;196;38;5;15:sg=48;5;11;38;5;16:ca=48;5;196;38;5;226:tw=48;5;10;38;5;16:ow=48;5;10;38;5;21:st=48;5;21;38;5;15:ex=38;5;34:*.tar=38;5;9:*.tgz=38;5;9:*.arc=38;5;9:*.arj=38;5;9:*.taz=38;5;9:*.lha=38;5;9:*.lz4=38;5;9:*.lzh=38;5;9:*.lzma=38;5;9:*.tlz=38;5;9:*.txz=38;5;9:*.tzo=38;5;9:*.t7z=38;5;9:*.zip=38;5;9:*.z=38;5;9:*.Z=38;5;9:*.dz=38;5;9:*.gz=38;5;9:*.lrz=38;5;9:*.lz=38;5;9:*.lzo=38;5;9:*.xz=38;5;9:*.bz2=38;5;9:*.bz=38;5;9:*.tbz=38;5;9:*.tbz2=38;5;9:*.tz=38;5;9:*.deb=38;5;9:*.rpm=38;5;9:*.jar=38;5;9:*.war=38;5;9:*.ear=38;5;9:*.sar=38;5;9:*.rar=38;5;9:*.alz=38;5;9:*.ace=38;5;9:*.zoo=38;5;9:*.cpio=38;5;9:*.7z=38;5;9:*.rz=38;5;9:*.cab=38;5;9:*.jpg=38;5;13:*.jpeg=38;5;13:*.gif=38;5;13:*.bmp=38;5;13:*.pbm=38;5;13:*.pgm=38;5;13:*.ppm=38;5;13:*.tga=38;5;13:*.xbm=38;5;13:*.xpm=38;5;13:*.tif=38;5;13:*.tiff=38;5;13:*.png=38;5;13:*.svg=38;5;13:*.svgz=38;5;13:*.mng=38;5;13:*.pcx=38;5;13:*.mov=38;5;13:*.mpg=38;5;13:*.mpeg=38;5;13:*.m2v=38;5;13:*.mkv=38;5;13:*.webm=38;5;13:*.ogm=38;5;13:*.mp4=38;5;13:*.m4v=38;5;13:*.mp4v=38;5;13:*.vob=38;5;13:*.qt=38;5;13:*.nuv=38;5;13:*.wmv=38;5;13:*.asf=38;5;13:*.rm=38;5;13:*.rmvb=38;5;13:*.flc=38;5;13:*.avi=38;5;13:*.fli=38;5;13:*.flv=38;5;13:*.gl=38;5;13:*.dl=38;5;13:*.xcf=38;5;13:*.xwd=38;5;13:*.yuv=38;5;13:*.cgm=38;5;13:*.emf=38;5;13:*.axv=38;5;13:*.anx=38;5;13:*.ogv=38;5;13:*.ogx=38;5;13:*.aac=38;5;45:*.au=38;5;45:*.flac=38;5;45:*.mid=38;5;45:*.midi=38;5;45:*.mka=38;5;45:*.mp3=38;5;45:*.mpc=38;5;45:*.ogg=38;5;45:*.ra=38;5;45:*.wav=38;5;45:*.axa=38;5;45:*.oga=38;5;45:*.spx=38;5;45:*.xspf=38;5;45:
GNOME_TERMINAL_SERVICE=:1.481
W3264_NO_HOST_CHECK=1
SSH_AUTH_SOCK=/run/user/4214/keyring/ssh
MAKELEVEL=1
SESSION_MANAGER=local/unix:@/tmp/.ICE-unix/38685,unix/unix:/tmp/.ICE-unix/38685
IC_HOME=/Business/EDA_wx_company/public/tools/cadence/IC617.722
MFLAGS=
XCELIUM_HOME=/Business/EDA_wx_company/public/tools/cadence/XCELIUM1903
SYN_HOME=/Business/EDA_wx_company/public/tools/syn_Q-2019.12-SP4
VC_STATIC_HOME=/Business/EDA_wx_company/public/tools/vc_static_S-2021.09-SP2
GNOME_SHELL_SESSION_MODE=classic
MAIL=/var/spool/mail/xingchangwen
PATH=/Business/EDA_wx_company/public/pulp-runtime/bin:/usr/src/cmake/bin:/opt/rh/devtoolset-8/root/usr/bin:/opt/rh/devtoolset-8/root/usr/bin:/usr/local/python3/bin:/usr/lib64/qt-3.3/bin:/usr/local/sbin:/usr/local/bin:/usr/sbin:/usr/bin:/var/lib/snapd/snap/bin:/root/bin:/Soft/anaconda3_2024/bin:/Business/EDA_wx_company/xingchangwen/.local/bin:/Business/EDA_wx_company/xingchangwen/bin:/Business/EDA_wx_company/public/tools/vcs_R-2020.12-SP2/bin:/Business/EDA_wx_company/public/tools/vcs_R-2020.12-SP2/gui/virsim/bin:/Business/EDA_wx_company/public/tools/verdi_R-2020.12-SP2/bin:/Business/EDA_wx_company/public/tools/vc_static_S-2021.09-SP2/bin:/Business/EDA_wx_company/public/tools/syn_Q-2019.12-SP4/bin:/Business/EDA_wx_company/public/tools/cadence/IC617.722/tools/bin:/Business/EDA_wx_company/public/tools/cadence/IC617.722/tools/dracula/bin:/Business/EDA_wx_company/public/tools/cadence/IC617.722/tools/dfII/bin:/Business/EDA_wx_company/public/tools/cadence/IC617.722/tools/plot/bin:/Business/EDA_wx_company/public/tools/cadence/XCELIUM1903/tools/bin:/Business/EDA_wx_company/public/tools/cadence/XCELIUM1903/tools/dfII/bin
QT_IM_MODULE=ibus
VERDI_HOME=/Business/EDA_wx_company/public/tools/verdi_R-2020.12-SP2
WORK_AREA=/Business/EDA_wx_company/xingchangwen/RISC-V/7_19_cheat_version/RISCV_project/RISCV_verification_cheat_version
PWD=/Business/EDA_wx_company/xingchangwen/RISC-V/7_19_cheat_version/RISCV_project/RISCV_verification_cheat_version/sim
VCS_HOME=/Business/EDA_wx_company/public/tools/vcs_R-2020.12-SP2
XMODIFIERS=@im=ibus
LANG=zh_CN.UTF-8
IC=/Business/EDA_wx_company/public/tools/cadence/IC617.722
SELINUX_LEVEL_REQUESTED=
CDSHOME=/Business/EDA_wx_company/public/tools/cadence/IC617.722
CADENCE_HOME=/Business/EDA_wx_company/public/tools/cadence
CDS_Netlisting_Mode=Analog
LM_LICENSE_FILE=27000@10.10.15.19:5280@10.10.15.19
HISTCONTROL=ignoredups
DBUS_STARTER_BUS_TYPE=session
SIM=/Business/EDA_wx_company/xingchangwen/RISC-V/7_19_cheat_version/RISCV_project/RISCV_verification_cheat_version/sim
SHLVL=5
HOME=/Business/EDA_wx_company/xingchangwen
GNOME_DESKTOP_SESSION_ID=this-is-deprecated
CDS_AUTO_64BIT=ALL
PYTHONPATH=/opt/rh/devtoolset-8/root/usr/lib64/python2.7/site-packages:/opt/rh/devtoolset-8/root/usr/lib/python2.7/site-packages
LOGNAME=xingchangwen
QTLIB=/usr/lib64/qt-3.3/lib
DBUS_SESSION_BUS_ADDRESS=unix:abstract=/tmp/dbus-cn4Job7dce,guid=35e4902d6a0e73778d2d2bfa6686143b
SSH_CONNECTION=10.10.4.8 41354 10.10.15.17 22
XDG_DATA_DIRS=/Business/EDA_wx_company/xingchangwen/.local/share/flatpak/exports/share:/var/lib/flatpak/exports/share:/usr/local/share:/usr/share:/var/lib/snapd/desktop
PKG_CONFIG_PATH=/opt/rh/devtoolset-8/root/usr/lib64/pkgconfig
LESSOPEN=||/usr/bin/lesspipe.sh %s
INFOPATH=/opt/rh/devtoolset-8/root/usr/share/info
DISPLAY=:31
XDG_RUNTIME_DIR=/run/user/4214
VSIM_PATH=/Business/EDA_wx_company/public/pulp-runtime/sim
XDG_CURRENT_DESKTOP=GNOME
CDS_INST_DIR=/Business/EDA_wx_company/public/tools/cadence/IC617.722
COLORTERM=truecolor
_=./simv
VCS_PATHMAP_PRELOAD_DONE=1
VCS_STACK_EXEC=true
VCS_EXEC_DONE=1
LC_ALL=C
DVE=/Business/EDA_wx_company/public/tools/vcs_R-2020.12-SP2/gui/dve
SPECMAN_OUTPUT_TO_TTY=1
FLEXLM_BORROWFILE=/Business/EDA_wx_company/xingchangwen/.yznode-big-07-borrow.txt
Runtime command line arguments:
argv[0]=./simv
argv[1]=+fsdb+sva_success
argv[2]=-cm
argv[3]=line+cond+tgl+fsm+assert+branch
argv[4]=-l
argv[5]=run.log
248 profile - 100
          CPU/Mem usage: 0.150 sys,  0.550 user,  323.42M mem
249 Elapsed time:    0:00:01    Fri Jul 19 13:47:00 2024
250 pliAppInit
251 [SC]Init: MemoryConsumed=0.00MB ElapsedTime=0hour 0min. 0sec.
252 FSDB_GATE is set.
253 FSDB_RTL is set.
254 FSDB_FIELDTYPE is set.
255 FSDB_ALIAS_ARRAY_ELEM is set to 4294967295.
256 Enable Parallel Dumping.
257 pliAppMiscSet: New Sim Round
258 pliEntryInit
259 LIBSSCORE=found /Business/EDA_wx_company/public/tools/verdi_R-2020.12-SP2/share/PLI/lib/LINUXAMD64/libsscore_vcs202012.so through $NOVAS_HOME setting.
260 FSDB Dumper for VCS, Release Verdi_R-2020.12-SP2, Linux x86_64/64bit, 05/23/2021
261 (C) 1996 - 2021 by Synopsys, Inc.
262 sps_call_fsdbDumpfile_main at 0 : ../ver_component/top.sv(122)
263 argv[0]: (sim.fsdb)
264 *Verdi* FSDB WARNING: The FSDB file already exists. Overwriting the FSDB file may crash the programs that are using this file.
265 *Verdi* : Create FSDB file 'sim.fsdb'
266 [spi_vcs_vd_ppi_create_root]: no upf option
267 FSDB dumper cannot dump UPF related power signal ($power_tree): no ppiPowerNetwork.
268 compile option from '/Business/EDA_wx_company/xingchangwen/RISC-V/7_19_cheat_version/RISCV_project/RISCV_verification_cheat_version/sim/simv.daidir/vcs_rebuild'.
269   "vcs '-full64' '-sverilog' '+v2k' '-sverilog' '-debug_access+all' '-f' 'filelist.f' '-timescale=1ns/1ns' '-debug_all' '-cm' 'line+cond+tgl+fsm+assert+branch' '-cm_dir' 'coverage/cov.vdb' '-l' 'compile.log' 2>&1"
270 DVDI_is_vir_unload_enabled is enable
271 FSDB_VCS_ENABLE_NATIVE_VC is enable
272 sps_call_fsdbDumpvars_vd_main at 0 : ../ver_component/top.sv(123)
273 *Verdi* : Begin traversing the scopes, layer (0).
274 *Verdi* : End of traversing.
275 pliAppHDL_DumpVarComplete traverse var: profile - 
          CPU/Mem usage: 0.190 sys,  0.570 user,  422.95M mem
                   incr: 0.010 sys,  0.020 user,  7.92M mem
                   accu: 0.010 sys,  0.020 user,  7.92M mem
              accu incr: 0.010 sys,  0.020 user,  7.92M mem

          Count usage: 723 var,  725 idcode,  221 callback
                 incr: 723 var,  725 idcode,  221 callback
                 accu: 723 var,  725 idcode,  221 callback
            accu incr: 723 var,  725 idcode,  221 callback
276 Elapsed time:    0:00:01    Fri Jul 19 13:47:00 2024
277 pliAppHDL_DumpVarComplete: profile - 
          CPU/Mem usage: 0.190 sys,  0.570 user,  424.14M mem
                   incr: 0.000 sys,  0.000 user,  1.19M mem
                   accu: 0.010 sys,  0.020 user,  9.11M mem
              accu incr: 0.000 sys,  0.000 user,  1.19M mem

          Count usage: 723 var,  725 idcode,  221 callback
                 incr: 0 var,  0 idcode,  0 callback
                 accu: 723 var,  725 idcode,  221 callback
            accu incr: 0 var,  0 idcode,  0 callback
278 Elapsed time:    0:00:01    Fri Jul 19 13:47:00 2024
279 sps_call_fsdbDumpsva_vd_main at 0 : ../ver_component/top.sv(124)
280 *Verdi* : Begin traversing the SVA assertions, layer (0).
281 *Verdi* : Enable +sva_success dumping.
282 *Verdi* : End of traversing the SVA assertions.
283 pliAppHDL_DumpSVAComplete traverse var: profile - 
          CPU/Mem usage: 0.190 sys,  0.570 user,  424.14M mem
                   incr: 0.000 sys,  0.000 user,  0.00M mem
                   accu: 0.000 sys,  0.000 user,  0.00M mem
              accu incr: 0.000 sys,  0.000 user,  0.00M mem

          Count usage: 724 var,  726 idcode,  221 callback
                 incr: 1 var,  1 idcode,  0 callback
                 accu: 1 var,  1 idcode,  0 callback
            accu incr: 1 var,  1 idcode,  0 callback
284 Elapsed time:    0:00:01    Fri Jul 19 13:47:00 2024
285 pliAppHDL_DumpSVAComplete: profile - 
          CPU/Mem usage: 0.190 sys,  0.570 user,  424.14M mem
                   incr: 0.000 sys,  0.000 user,  0.00M mem
                   accu: 0.000 sys,  0.000 user,  0.00M mem
              accu incr: 0.000 sys,  0.000 user,  0.00M mem

          Count usage: 724 var,  726 idcode,  221 callback
                 incr: 0 var,  0 idcode,  0 callback
                 accu: 1 var,  1 idcode,  0 callback
            accu incr: 0 var,  0 idcode,  0 callback
286 Elapsed time:    0:00:01    Fri Jul 19 13:47:00 2024
287 sps_call_fsdbDumpMDA_vd_main at 0 : ../ver_component/top.sv(125)
288 *Verdi* : Begin traversing the MDAs, layer (0).
289 *Verdi* : Enable +mda and +packedmda dumping.
290 *Verdi* : End of traversing the MDAs.
291 pliAppHDL_DumpVarComplete traverse var: profile - 
          CPU/Mem usage: 0.280 sys,  1.330 user,  549.52M mem
                   incr: 0.090 sys,  0.760 user,  125.38M mem
                   accu: 0.090 sys,  0.760 user,  125.38M mem
              accu incr: 0.090 sys,  0.760 user,  125.38M mem

          Count usage: 2229022 var,  2229024 idcode,  227 callback
                 incr: 2228298 var,  2228298 idcode,  6 callback
                 accu: 2228298 var,  2228298 idcode,  6 callback
            accu incr: 2228298 var,  2228298 idcode,  6 callback
292 Elapsed time:    0:00:02    Fri Jul 19 13:47:01 2024
293 pliAppHDL_DumpVarComplete: profile - 
          CPU/Mem usage: 0.340 sys,  1.780 user,  659.08M mem
                   incr: 0.060 sys,  0.450 user,  109.56M mem
                   accu: 0.150 sys,  1.210 user,  234.94M mem
              accu incr: 0.060 sys,  0.450 user,  109.56M mem

          Count usage: 2229022 var,  2229024 idcode,  227 callback
                 incr: 0 var,  0 idcode,  0 callback
                 accu: 2228298 var,  2228298 idcode,  6 callback
            accu incr: 0 var,  0 idcode,  0 callback
294 Elapsed time:    0:00:03    Fri Jul 19 13:47:02 2024
295 End of simulation at 6100000
296 Memory usage: 662.602 M
297 Elapsed time:    0:00:03    Fri Jul 19 13:47:02 2024
298 Begin FSDB profile info:
299 FSDB Writer : bc1(967) bcn(2232347) mtf/stf(0/0)
FSDB Writer elapsed time : flush(0.946538) io wait(0.000000) theadpool wait(0.000000)
FSDB Writer cpu time : MT Compression : 0
300 End FSDB profile info
301 FSDB closed. Name: sim.fsdb Size: 317034
302 Parallel profile     - ProducerThread:1 ConsumerThread:1 Buffer:64MB
303                      - BlockUsed:1 Acquire:4917 BufferUsed:72281
304                      - Flush:5 Expand:0 ProducerWait:0 ConsumerWait:0
305                      - MainProducerTime:3.314461197 TotalConsumerTime:0.000000000
306                      - ElapsedTime:2.969897000
307 Producer   0 profile - BlockUsed:1 Acquire:4917 BufferUsed:72281
308 Consumer   0 profile - Affinity:-1 CPUTime:0.000000000 LifeTime:0.000000000 (-nan%)
309                      - BlockUsed:1 Acquire:4917 BufferUsed:72281
310 SimExit
311 Elapsed time:    0:00:04    Fri Jul 19 13:47:03 2024
312 Sim process exit
